<?xml version="1.0" encoding="UTF-8"?>
<!-- Generated by org.testng.reporters.JUnitReportReporter -->
<testsuite hostname="CTAADPG038QDL" failures="0" tests="1" name="Pack1.GetTest1" time="2.912" errors="0" timestamp="2023-04-13T11:26:12 IST" skipped="0">
  <testcase classname="Pack1.GetTest1" name="testMethod1" time="2.912"/>
  <system-out/>
</testsuite> <!-- Pack1.GetTest1 -->
