<?xml version="1.0" encoding="UTF-8"?>
<!-- Generated by org.testng.reporters.JUnitReportReporter -->
<testsuite hostname="CTAADPG038QDL" failures="0" tests="3" name="Pack1.GetTest2" time="5.183" errors="0" timestamp="2023-04-12T15:04:20 IST" skipped="0">
  <testcase classname="Pack1.GetTest2" name="test3" time="1.747"/>
  <system-out/>
  <testcase classname="Pack1.GetTest2" name="test2" time="2.337"/>
  <system-out/>
  <testcase classname="Pack1.GetTest2" name="testMethod1" time="1.099"/>
  <system-out/>
</testsuite> <!-- Pack1.GetTest2 -->
