<?xml version="1.0" encoding="UTF-8"?>
<!-- Generated by org.testng.reporters.JUnitReportReporter -->
<testsuite hostname="CTAADPG038QDL" failures="0" tests="1" name="Pack1.DeleteTest7" time="2.712" errors="0" timestamp="2023-04-12T17:10:38 IST" skipped="0">
  <testcase classname="Pack1.DeleteTest7" name="test_1" time="2.712"/>
  <system-out/>
</testsuite> <!-- Pack1.DeleteTest7 -->
