<?xml version="1.0" encoding="UTF-8"?>
<!-- Generated by org.testng.reporters.JUnitReportReporter -->
<testsuite hostname="CTAADPG038QDL" failures="0" tests="1" name="Pack1.PutTest5" time="2.692" errors="0" timestamp="2023-04-12T17:03:25 IST" skipped="0">
  <testcase classname="Pack1.PutTest5" name="test_1" time="2.692"/>
  <system-out/>
</testsuite> <!-- Pack1.PutTest5 -->
